GAS LISTING os.s 			page 1


   1              	.text
   2              	.code16
   3              	
   4              	.set CYLS, 0xff0
   5              	.set LEDS, 0xff1
   6              	.set VMODE, 0x0ff2
   7              	.set SCRNX, 0x0ff4
   8              	.set SCRNY, 0x0ff6
   9              	.set VRAM, 0x0ff8
  10              	
  11 0000 C606F20F 	movb $8, (VMODE)
  11      08
  12 0005 C706F40F 	movw $320, (SCRNX)
  12      4001
  13 000b C706F60F 	movw $200, (SCRNY)
  13      C800
  14 0011 66C706F8 	movl $0x000a0000, (VRAM)
  14      0F00000A 
  14      00
  15              	
  16              	# get keyboard led status from BIOS
  17 001a B402     	mov $0x02, %ah
  18 001c CD16     	int $0x16
  19 001e A2F10F   	mov %al, (LEDS)
  20              	
  21              	fin:
  22 0021 F4       		hlt
  23 0022 EBFD     		jmp fin
GAS LISTING os.s 			page 2


DEFINED SYMBOLS
                os.s:4      *ABS*:0000000000000ff0 CYLS
                os.s:5      *ABS*:0000000000000ff1 LEDS
                os.s:6      *ABS*:0000000000000ff2 VMODE
                os.s:7      *ABS*:0000000000000ff4 SCRNX
                os.s:8      *ABS*:0000000000000ff6 SCRNY
                os.s:9      *ABS*:0000000000000ff8 VRAM
                os.s:21     .text:0000000000000021 fin

NO UNDEFINED SYMBOLS
